<?xml version="1.0" encoding="UTF-8"?>
<!-- Generated by org.testng.reporters.JUnitXMLReporter -->
<testsuite ignored="0" hostname="ELW5203" failures="1" tests="7" name="Facebook_login" time="47.732" errors="0" timestamp="28 Sep 2022 06:30:32 GMT">
  <testcase classname="tests.Test_NG_Assignment" name="excelsheet_import_text" time="1.926"/>
  <testcase classname="tests.Test_NG_Assignment" name="facebook_login" time="2.13"/>
  <testcase classname="tests.Test_NG_Assignment" name="firefox_browser_opening" time="0.017">
    <failure type="org.openqa.selenium.WebDriverException" message="Cannot find firefox binary in PATH. Make sure firefox is installed. OS appears to be: XP
Build info: version: &amp;apos;3.141.59&amp;apos;, revision: &amp;apos;e82be7d358&amp;apos;, time: &amp;apos;2018-11-14T08:17:03&amp;apos;
System info: host: &amp;apos;ELW5203&amp;apos;, ip: &amp;apos;192.168.0.122&amp;apos;, os.name: &amp;apos;Windows 11&amp;apos;, os.arch: &amp;apos;amd64&amp;apos;, os.version: &amp;apos;10.0&amp;apos;, java.version: &amp;apos;17.0.4.1&amp;apos;
Driver info: driver.version: FirefoxDriver">
      <![CDATA[org.openqa.selenium.WebDriverException: Cannot find firefox binary in PATH. Make sure firefox is installed. OS appears to be: XP
Build info: version: '3.141.59', revision: 'e82be7d358', time: '2018-11-14T08:17:03'
System info: host: 'ELW5203', ip: '192.168.0.122', os.name: 'Windows 11', os.arch: 'amd64', os.version: '10.0', java.version: '17.0.4.1'
Driver info: driver.version: FirefoxDriver
at org.openqa.selenium.firefox.FirefoxBinary.<init>(FirefoxBinary.java:100)
at java.base/java.util.Optional.orElseGet(Optional.java:364)
at org.openqa.selenium.firefox.FirefoxOptions.getBinary(FirefoxOptions.java:216)
at org.openqa.selenium.firefox.FirefoxDriver.toExecutor(FirefoxDriver.java:187)
at org.openqa.selenium.firefox.FirefoxDriver.<init>(FirefoxDriver.java:147)
at org.openqa.selenium.firefox.FirefoxDriver.<init>(FirefoxDriver.java:125)
at tests.Test_NG_Assignment.firefox_browser_opening(Test_NG_Assignment.java:77)
... Removed 25 stack frames]]>
    </failure>
  </testcase> <!-- firefox_browser_opening -->
  <testcase classname="tests.Test_NG_Assignment" name="forgetpass_HRM" time="4.603"/>
  <testcase classname="tests.Test_NG_Assignment" name="hrmleave_application" time="8.922"/>
  <testcase classname="tests.Test_NG_Assignment" name="tabledetails_fetching" time="29.434"/>
  <testcase classname="tests.Test_NG_Assignment" name="webtable_fetching" time="0.678"/>
</testsuite> <!-- Facebook_login -->
